<?xml version="1.0" encoding="UTF-8"?>
<!-- Generated by org.testng.reporters.JUnitReportReporter -->
<testsuite skipped="0" hostname="DESKTOP-FF2JEON" name="tests.Proba" tests="1" failures="0" timestamp="2021-06-10T21:25:46 CEST" time="17.735" errors="1">
  <testcase name="test" time="17.735" classname="tests.Proba">
    <error type="org.openqa.selenium.SessionNotCreatedException" message="session not created
from disconnected: unable to send message to renderer
  (Session info: chrome=91.0.4472.77)
Build info: version: &#039;3.141.59&#039;, revision: &#039;e82be7d358&#039;, time: &#039;2018-11-14T08:25:48&#039;
System info: host: &#039;DESKTOP-FF2JEON&#039;, ip: &#039;192.168.0.12&#039;, os.name: &#039;Windows 10&#039;, os.arch: &#039;x86&#039;, os.version: &#039;10.0&#039;, java.version: &#039;1.8.0_281&#039;
Driver info: driver.version: ChromeDriver
remote stacktrace: Backtrace:
	Ordinal0 [0x00E3C013+2474003]
	Ordinal0 [0x00DD29C1+2042305]
	Ordinal0 [0x00CE2F68+1060712]
	Ordinal0 [0x00CD440F+1000463]
	Ordinal0 [0x00CD3DA5+998821]
	Ordinal0 [0x00CCFB24+981796]
	Ordinal0 [0x00CD3D31+998705]
	Ordinal0 [0x00CD3A85+998021]
	Ordinal0 [0x00CD3829+997417]
	Ordinal0 [0x00CE4090+1065104]
	Ordinal0 [0x00D2B798+1357720]
	Ordinal0 [0x00D28FAA+1347498]
	Ordinal0 [0x00D266DB+1337051]
	Ordinal0 [0x00D03427+1192999]
	Ordinal0 [0x00D042EE+1196782]
	Ordinal0 [0x00D04279+1196665]
	GetHandleVerifier [0x00FC96FC+1590332]
	GetHandleVerifier [0x01078614+2306900]
	GetHandleVerifier [0x00EC9E93+543699]
	GetHandleVerifier [0x00EC92CE+540686]
	Ordinal0 [0x00DD86BA+2066106]
	Ordinal0 [0x00DDD1C8+2085320]
	Ordinal0 [0x00DDD308+2085640]
	Ordinal0 [0x00DE67F3+2123763]
	BaseThreadInitThunk [0x7707CF39+25]
	RtlExpandEnvironmentStrings_U [0x775326B5+917]
	RtlExpandEnvironmentStrings_U [0x77532689+873]
">
      <![CDATA[org.openqa.selenium.SessionNotCreatedException: session not created
from disconnected: unable to send message to renderer
  (Session info: chrome=91.0.4472.77)
Build info: version: '3.141.59', revision: 'e82be7d358', time: '2018-11-14T08:25:48'
System info: host: 'DESKTOP-FF2JEON', ip: '192.168.0.12', os.name: 'Windows 10', os.arch: 'x86', os.version: '10.0', java.version: '1.8.0_281'
Driver info: driver.version: ChromeDriver
remote stacktrace: Backtrace:
Ordinal0 [0x00E3C013+2474003]
Ordinal0 [0x00DD29C1+2042305]
Ordinal0 [0x00CE2F68+1060712]
Ordinal0 [0x00CD440F+1000463]
Ordinal0 [0x00CD3DA5+998821]
Ordinal0 [0x00CCFB24+981796]
Ordinal0 [0x00CD3D31+998705]
Ordinal0 [0x00CD3A85+998021]
Ordinal0 [0x00CD3829+997417]
Ordinal0 [0x00CE4090+1065104]
Ordinal0 [0x00D2B798+1357720]
Ordinal0 [0x00D28FAA+1347498]
Ordinal0 [0x00D266DB+1337051]
Ordinal0 [0x00D03427+1192999]
Ordinal0 [0x00D042EE+1196782]
Ordinal0 [0x00D04279+1196665]
GetHandleVerifier [0x00FC96FC+1590332]
GetHandleVerifier [0x01078614+2306900]
GetHandleVerifier [0x00EC9E93+543699]
GetHandleVerifier [0x00EC92CE+540686]
Ordinal0 [0x00DD86BA+2066106]
Ordinal0 [0x00DDD1C8+2085320]
Ordinal0 [0x00DDD308+2085640]
Ordinal0 [0x00DE67F3+2123763]
BaseThreadInitThunk [0x7707CF39+25]
RtlExpandEnvironmentStrings_U [0x775326B5+917]
RtlExpandEnvironmentStrings_U [0x77532689+873]

at sun.reflect.NativeConstructorAccessorImpl.newInstance0(Native Method)
at sun.reflect.NativeConstructorAccessorImpl.newInstance(Unknown Source)
at sun.reflect.DelegatingConstructorAccessorImpl.newInstance(Unknown Source)
at java.lang.reflect.Constructor.newInstance(Unknown Source)
at org.openqa.selenium.remote.W3CHandshakeResponse.lambda$errorHandler$0(W3CHandshakeResponse.java:62)
at org.openqa.selenium.remote.HandshakeResponse.lambda$getResponseFunction$0(HandshakeResponse.java:30)
at org.openqa.selenium.remote.ProtocolHandshake.lambda$createSession$0(ProtocolHandshake.java:126)
at java.util.stream.ReferencePipeline$3$1.accept(Unknown Source)
at java.util.Spliterators$ArraySpliterator.tryAdvance(Unknown Source)
at java.util.stream.ReferencePipeline.forEachWithCancel(Unknown Source)
at java.util.stream.AbstractPipeline.copyIntoWithCancel(Unknown Source)
at java.util.stream.AbstractPipeline.copyInto(Unknown Source)
at java.util.stream.AbstractPipeline.wrapAndCopyInto(Unknown Source)
at java.util.stream.FindOps$FindOp.evaluateSequential(Unknown Source)
at java.util.stream.AbstractPipeline.evaluate(Unknown Source)
at java.util.stream.ReferencePipeline.findFirst(Unknown Source)
at org.openqa.selenium.remote.ProtocolHandshake.createSession(ProtocolHandshake.java:128)
at org.openqa.selenium.remote.ProtocolHandshake.createSession(ProtocolHandshake.java:74)
at org.openqa.selenium.remote.HttpCommandExecutor.execute(HttpCommandExecutor.java:136)
at org.openqa.selenium.remote.service.DriverCommandExecutor.execute(DriverCommandExecutor.java:83)
at org.openqa.selenium.remote.RemoteWebDriver.execute(RemoteWebDriver.java:552)
at org.openqa.selenium.remote.RemoteWebDriver.startSession(RemoteWebDriver.java:213)
at org.openqa.selenium.remote.RemoteWebDriver.<init>(RemoteWebDriver.java:131)
at org.openqa.selenium.chrome.ChromeDriver.<init>(ChromeDriver.java:181)
at org.openqa.selenium.chrome.ChromeDriver.<init>(ChromeDriver.java:168)
at org.openqa.selenium.chrome.ChromeDriver.<init>(ChromeDriver.java:123)
at tests.Proba.test(Proba.java:13)
at sun.reflect.NativeMethodAccessorImpl.invoke0(Native Method)
at sun.reflect.NativeMethodAccessorImpl.invoke(Unknown Source)
at sun.reflect.DelegatingMethodAccessorImpl.invoke(Unknown Source)
at java.lang.reflect.Method.invoke(Unknown Source)
at org.testng.internal.MethodInvocationHelper.invokeMethod(MethodInvocationHelper.java:133)
at org.testng.internal.TestInvoker.invokeMethod(TestInvoker.java:598)
at org.testng.internal.TestInvoker.invokeTestMethod(TestInvoker.java:173)
at org.testng.internal.MethodRunner.runInSequence(MethodRunner.java:46)
at org.testng.internal.TestInvoker$MethodInvocationAgent.invoke(TestInvoker.java:824)
at org.testng.internal.TestInvoker.invokeTestMethods(TestInvoker.java:146)
at org.testng.internal.TestMethodWorker.invokeTestMethods(TestMethodWorker.java:146)
at org.testng.internal.TestMethodWorker.run(TestMethodWorker.java:128)
at java.util.ArrayList.forEach(Unknown Source)
at org.testng.TestRunner.privateRun(TestRunner.java:794)
at org.testng.TestRunner.run(TestRunner.java:596)
at org.testng.SuiteRunner.runTest(SuiteRunner.java:377)
at org.testng.SuiteRunner.runSequentially(SuiteRunner.java:371)
at org.testng.SuiteRunner.privateRun(SuiteRunner.java:332)
at org.testng.SuiteRunner.run(SuiteRunner.java:276)
at org.testng.SuiteRunnerWorker.runSuite(SuiteRunnerWorker.java:53)
at org.testng.SuiteRunnerWorker.run(SuiteRunnerWorker.java:96)
at org.testng.TestNG.runSuitesSequentially(TestNG.java:1212)
at org.testng.TestNG.runSuitesLocally(TestNG.java:1134)
at org.testng.TestNG.runSuites(TestNG.java:1063)
at org.testng.TestNG.run(TestNG.java:1031)
at org.testng.remote.AbstractRemoteTestNG.run(AbstractRemoteTestNG.java:115)
at org.testng.remote.RemoteTestNG.initAndRun(RemoteTestNG.java:251)
at org.testng.remote.RemoteTestNG.main(RemoteTestNG.java:77)
]]>
    </error>
  </testcase> <!-- test -->
  <system-out/>
</testsuite> <!-- tests.Proba -->
